<?xml version="1.0" encoding="UTF-8"?>
<testng-results ignored="0" total="0" passed="0" failed="0" skipped="0">
  <reporter-output>
  </reporter-output>
  <suite started-at="2020-11-26T05:51:51 GMT-08:00" name="cucumber.Options.TestRunner" finished-at="2020-11-26T05:51:51 GMT-08:00" duration-ms="7">
    <groups>
    </groups>
    <test started-at="2020-11-26T05:51:51 GMT-08:00" name="Command line test" finished-at="2020-11-26T05:51:51 GMT-08:00" duration-ms="7">
    </test> <!-- Command line test -->
  </suite> <!-- cucumber.Options.TestRunner -->
</testng-results>
